build/app/outputs/mapping/release/seeds.txt
com.example.flutter_faem_app.MainActivity
com.example.flutter_faem_app.MainActivity: MainActivity()
...
com.mapbox.geojson.GeometryCollection$GsonTypeAdapter: com.google.gson.Gson gson
com.google.android.gms.internal.measurement.zzcd$zzg: int zzao
com.google.android.gms.internal.firebase-auth-api.zzno: android.os.Parcelable$Creator CREATOR
com.google.protobuf.Timestamp: com.google.protobuf.Timestamp DEFAULT_INSTANCE
com.mapbox.mapboxsdk.location.LocationIndicatorLayer: com.mapbox.mapboxsdk.style.layers.TransitionOptions nativeGetAccuracyRadiusBorderColorTransition()
com.google.android.gms.internal.measurement.zzca$zza: boolean zze
com.google.android.gms.internal.measurement.zzca$zzb: com.google.android.gms.internal.measurement.zzig zzi
com.google.android.gms.internal.measurement.zzbv$zzf: com.google.android.gms.internal.measurement.zzbv$zzf zzh
com.google.android.exoplayer2.metadata.scte35.SpliceNullCommand: android.os.Parcelable$Creator CREATOR
android.support.v4.media.MediaDescriptionCompat: android.os.Parcelable$Creator CREATOR
io.flutter.embedding.engine.FlutterJNI: java.lang.String[] computePlatformResolvedLocale(java.lang.String[])
org.chromium.support_lib_boundary.WebMessagePortBoundaryInterface: void close()
com.google.android.gms.measurement.internal.AppMeasurementDynamiteService: void setDefaultEventParameters(android.os.Bundle)
com.mapbox.android.telemetry.AppUserTurnstile: AppUserTurnstile(android.os.Parcel)
com.mapbox.mapboxsdk.module.telemetry.OfflineDownloadStartEvent: java.lang.String toString()
com.mapbox.mapboxsdk.style.types.FormattedSection: void setTextColor(int)
com.google.firestore.v1.TransactionOptions$ReadOnly: com.google.firestore.v1.TransactionOptions$ReadOnly DEFAULT_INSTANCE
com.mapbox.android.accounts.v1.MapboxAccounts: java.lang.String SKU_ID_MAPS_MAUS
com.mapbox.mapboxsdk.camera.CameraPosition: android.os.Parcelable$Creator CREATOR
com.mapbox.android.telemetry.AppUserTurnstile: void checkApplicationContext()
com.mapbox.mapboxsdk.snapshotter.MapSnapshot: long nativePtr
com.google.gson.typeadapters.RuntimeTypeAdapterFactory: java.lang.String access$100(com.google.gson.typeadapters.RuntimeTypeAdapterFactory)
com.mapbox.android.accounts.v1.AccountsConstants: java.lang.String KEY_PREFERENCE_MAPS_SKU_TOKEN
com.google.firebase.auth.PhoneMultiFactorInfo: android.os.Parcelable$Creator CREATOR
android.support.v4.media.AudioAttributesCompatParcelizer
io.flutter.plugin.editing.ImeSyncDeferringInsetsCallback: int deferredInsetTypes
com.google.firebase.firestore.DocumentSnapshot$ServerTimestampBehavior: com.google.firebase.firestore.DocumentSnapshot$ServerTimestampBehavior valueOf(java.lang.String)
com.mapbox.mapboxsdk.text.LocalGlyphRasterizer
com.mapbox.android.telemetry.AppUserTurnstile: AppUserTurnstile(java.lang.String,java.lang.String,boolean)
androidx.appcompat.widget.AppCompatAutoCompleteTextView: void setSupportBackgroundTintMode(android.graphics.PorterDuff$Mode)
com.mapbox.mapboxsdk.module.telemetry.PhoneState: float getAccessibilityFontScale()
com.google.gson.TypeAdapter: java.lang.String toJson(java.lang.Object)
io.flutter.embedding.engine.mutatorsstack.FlutterMutatorsStack: android.graphics.Matrix finalMatrix
com.google.android.gms.internal.measurement.zzbv$zzf: java.lang.String zze
com.mapbox.mapboxsdk.offline.OfflineRegion$OfflineRegionUpdateMetadataCallback: void onUpdate(byte[])
com.mapbox.mapboxsdk.offline.OfflineRegion
com.google.android.gms.internal.firebase-auth-api.zzif: int zzf
com.google.firestore.v1.Document: int FIELDS_FIELD_NUMBER
com.mapbox.geojson.PointAsCoordinatesTypeAdapter: com.mapbox.geojson.Point read(com.google.gson.stream.JsonReader)
com.google.gson.typeadapters.RuntimeTypeAdapterFactory: com.google.gson.TypeAdapter create(com.google.gson.Gson,com.google.gson.reflect.TypeToken)
com.google.android.gms.internal.measurement.zzcd$zzf: com.google.android.gms.internal.measurement.zzcd$zzf zzd
com.google.firestore.v1.StructuredQuery: com.google.protobuf.Internal$ProtobufList from_
com.mapbox.mapboxsdk.module.telemetry.MapLoadEvent: java.lang.String getCellularNetworkType()