build/app/outputs/mapping/release/mapping.txt
# compiler: R8
# compiler_version: 2.1.75
# min_api: 20
# pg_map_id: 90c00e4
# common_typos_disable
...
com.google.protobuf.WireFormat$FieldType$3 -> e.f.f.z1$b$c:
com.google.protobuf.WireFormat$FieldType$4 -> e.f.f.z1$b$d:
com.google.protobuf.WireFormat$JavaType -> e.f.f.z1$c:
    com.google.protobuf.WireFormat$JavaType STRING -> j
    com.google.protobuf.WireFormat$JavaType BYTE_STRING -> k
    com.google.protobuf.WireFormat$JavaType[] $VALUES -> n
    com.google.protobuf.WireFormat$JavaType ENUM -> l
    java.lang.Object defaultDefault -> d
    com.google.protobuf.WireFormat$JavaType MESSAGE -> m
    com.google.protobuf.WireFormat$JavaType LONG -> f
    com.google.protobuf.WireFormat$JavaType FLOAT -> g
    com.google.protobuf.WireFormat$JavaType DOUBLE -> h
    com.google.protobuf.WireFormat$JavaType BOOLEAN -> i
    com.google.protobuf.WireFormat$JavaType INT -> e
com.google.protobuf.Writer -> e.f.f.a2:
    void writeFixed64(int,long) -> A
    com.google.protobuf.Writer$FieldOrder fieldOrder() -> B
    void writeSInt64(int,long) -> C
    void writeFloat(int,float) -> D
    void writeStringList(int,java.util.List) -> E
    void writeEndGroup(int) -> F
    void writeString(int,java.lang.String) -> G
    void writeSInt32List(int,java.util.List,boolean) -> H
    void writeUInt64(int,long) -> I
    void writeEnum(int,int) -> J
    void writeInt64List(int,java.util.List,boolean) -> K
    void writeEnumList(int,java.util.List,boolean) -> L
    void writeDoubleList(int,java.util.List,boolean) -> M
    void writeSInt32(int,int) -> N
    void writeBytesList(int,java.util.List) -> O
    void writeMessageList(int,java.util.List,com.google.protobuf.Schema) -> a
    void writeGroupList(int,java.util.List,com.google.protobuf.Schema) -> b
    void writeInt32List(int,java.util.List,boolean) -> c
    void writeFloatList(int,java.util.List,boolean) -> d
    void writeInt64(int,long) -> e
    void writeBool(int,boolean) -> f
    void writeUInt32(int,int) -> g
    void writeMessageSetItem(int,java.lang.Object) -> h
    void writeGroup(int,java.lang.Object,com.google.protobuf.Schema) -> i
    void writeSFixed32(int,int) -> j
    void writeStartGroup(int) -> k
    void writeBytes(int,com.google.protobuf.ByteString) -> l
    void writeInt32(int,int) -> m
    void writeFixed64List(int,java.util.List,boolean) -> n
com.google.protobuf.Writer$FieldOrder -> e.f.f.a2$a:
    com.google.protobuf.Writer$FieldOrder[] $VALUES -> f
    com.google.protobuf.Writer$FieldOrder DESCENDING -> e
    com.google.protobuf.Writer$FieldOrder ASCENDING -> d
com.google.rpc.Status -> e.f.g.a:
    com.google.rpc.Status access$000() -> R
    int getCode() -> S
    com.google.rpc.Status getDefaultInstance() -> T
    java.lang.String getMessage() -> U
    java.lang.Object dynamicMethod(com.google.protobuf.GeneratedMessageLite$MethodToInvoke,java.lang.Object,java.lang.Object) -> x
com.google.rpc.Status$1 -> e.f.g.a$a:
    int[] $SwitchMap$com$google$protobuf$GeneratedMessageLite$MethodToInvoke -> a
com.google.rpc.Status$Builder -> e.f.g.a$b:
com.google.type.LatLng -> e.f.h.a:
    com.google.type.LatLng access$000() -> R
    void access$100(com.google.type.LatLng,double) -> S
    void access$300(com.google.type.LatLng,double) -> T
    com.google.type.LatLng getDefaultInstance() -> U
    double getLatitude() -> V
    double getLongitude() -> W
    com.google.type.LatLng$Builder newBuilder() -> X
    void setLatitude(double) -> Z
    void setLongitude(double) -> a0
    java.lang.Object dynamicMethod(com.google.protobuf.GeneratedMessageLite$MethodToInvoke,java.lang.Object,java.lang.Object) -> x
com.google.type.LatLng$1 -> e.f.h.a$a:
    int[] $SwitchMap$com$google$protobuf$GeneratedMessageLite$MethodToInvoke -> a
com.google.type.LatLng$Builder -> e.f.h.a$b:
    com.google.type.LatLng$Builder setLatitude(double) -> I
    com.google.type.LatLng$Builder setLongitude(double) -> J