build/app/outputs/mapping/release/usage.txt
com.example.flutter_faem_app.R
com.example.flutter_faem_app.R$dimen
com.example.flutter_faem_app.R$styleable
com.example.flutter_faem_app.R$integer
com.example.flutter_faem_app.BuildConfig
com.example.flutter_faem_app.R$anim
com.example.flutter_faem_app.R$color
com.example.flutter_faem_app.R$attr
com.example.flutter_faem_app.R$bool
com.example.flutter_faem_app.R$style
com.example.flutter_faem_app.R$string
com.example.flutter_faem_app.R$drawable
com.example.flutter_faem_app.R$mipmap
com.example.flutter_faem_app.R$layout
com.example.flutter_faem_app.R$id
...
kotlin.ranges.CharProgression
kotlin.text.StringsKt__RegexExtensionsKt:
    private static final kotlin.text.Regex toRegex(java.lang.String)
    private static final kotlin.text.Regex toRegex(java.lang.String,kotlin.text.RegexOption)
    private static final kotlin.text.Regex toRegex(java.lang.String,java.util.Set)
    public void <init>()
io.grpc.internal.package-info
kotlin.collections.SetsKt__SetsJVMKt:
    private static final java.util.Set buildSetInternal(kotlin.jvm.functions.Function1)
    private static final java.util.Set buildSetInternal(int,kotlin.jvm.functions.Function1)
    public static final java.util.Set createSetBuilder()
    public static final java.util.Set createSetBuilder(int)
    public static final java.util.Set build(java.util.Set)
    public static final varargs java.util.TreeSet sortedSetOf(java.lang.Object[])
    public static final varargs java.util.TreeSet sortedSetOf(java.util.Comparator,java.lang.Object[])
    public void <init>()
com.mapbox.mapboxsdk.utils.ThreadUtils:
    public void <init>()
com.google.common.collect.MultimapBuilder$EnumSetSupplier
com.google.android.gms.auth.api.signin.internal.GoogleSignInOptionsExtensionParcelable
com.google.firebase.analytics.connector.internal.zzf
io.flutter.embedding.android.FlutterEngineProvider
kotlin.sequences.SequencesKt___SequencesJvmKt$filterIsInstance$1
com.mapbox.mapboxsdk.style.sources.GeoJsonSource:
    public void <init>(java.lang.String)
    public void <init>(java.lang.String,java.lang.String)
    public void <init>(java.lang.String,java.lang.String,com.mapbox.mapboxsdk.style.sources.GeoJsonOptions)
    public void <init>(java.lang.String,java.net.URL)
    public void <init>(java.lang.String,java.net.URL,com.mapbox.mapboxsdk.style.sources.GeoJsonOptions)
    public void <init>(java.lang.String,java.net.URI)
    public void <init>(java.lang.String,java.net.URI,com.mapbox.mapboxsdk.style.sources.GeoJsonOptions)
    public void <init>(java.lang.String,com.mapbox.geojson.FeatureCollection)
    public void <init>(java.lang.String,com.mapbox.geojson.FeatureCollection,com.mapbox.mapboxsdk.style.sources.GeoJsonOptions)
    public void <init>(java.lang.String,com.mapbox.geojson.Feature)
    public void <init>(java.lang.String,com.mapbox.geojson.Geometry)
    public void <init>(java.lang.String,com.mapbox.geojson.Geometry,com.mapbox.mapboxsdk.style.sources.GeoJsonOptions)
    public void setGeoJson(com.mapbox.geojson.Geometry)
    public void setGeoJson(java.lang.String)
    public void setUrl(java.net.URL)
    public void setUri(java.net.URI)
    public void setUrl(java.lang.String)
    public void setUri(java.lang.String)
    public java.lang.String getUrl()
    public java.lang.String getUri()
    public java.util.List querySourceFeatures(com.mapbox.mapboxsdk.style.expressions.Expression)
com.google.android.gms.common.internal.GmsClientSupervisor$zza:
    public void <init>(java.lang.String,int)
    public void <init>(android.content.ComponentName,int)
com.google.common.collect.MapDifference
com.google.firebase.firestore.local.IndexCursor
okhttp3.Cache$CacheResponseBody
kotlin.coroutines.CoroutineContext
com.google.android.gms.common.api.internal.zacb
com.google.common.collect.RegularImmutableBiMap
kotlin.collections.unsigned.UArraysKt___UArraysJvmKt
com.mapbox.mapboxsdk.http.HttpRequestUrl:
    private void <init>()
com.google.protobuf.DescriptorProtos$MethodOptions$Builder
com.mapbox.android.core.R$layout
com.google.common.graph.GraphBuilder
com.google.common.collect.AbstractMapBasedMultimap$SortedAsMap
com.google.android.gms.internal.auth-api-phone.zzg
androidx.core.database.CursorKt
com.google.android.gms.internal.location.zzbh
com.lyokone.location.R$styleable